2026-06-23 04:41:35 startup archives unpack
2026-06-23 04:41:37 install netdiscover:amd64 <none> 0.21-1
2026-06-23 04:41:37 status half-installed netdiscover:amd64 0.21-1
2026-06-23 04:41:37 status triggers-pending kali-menu:all 2026.1.5
2026-06-23 04:41:37 status triggers-pending man-db:amd64 2.13.1-1
2026-06-23 04:41:37 status unpacked netdiscover:amd64 0.21-1
2026-06-23 04:41:38 startup packages configure
2026-06-23 04:41:38 configure netdiscover:amd64 0.21-1 <none>
2026-06-23 04:41:38 status unpacked netdiscover:amd64 0.21-1
2026-06-23 04:41:38 status half-configured netdiscover:amd64 0.21-1
2026-06-23 04:41:38 status installed netdiscover:amd64 0.21-1
2026-06-23 04:41:38 trigproc kali-menu:all 2026.1.5 <none>
2026-06-23 04:41:38 status half-configured kali-menu:all 2026.1.5
2026-06-23 04:41:41 status installed kali-menu:all 2026.1.5
2026-06-23 04:41:41 trigproc man-db:amd64 2.13.1-1 <none>
2026-06-23 04:41:41 status half-configured man-db:amd64 2.13.1-1
2026-06-23 04:41:45 status installed man-db:amd64 2.13.1-1
2026-06-24 03:34:43 startup archives unpack
2026-06-24 03:34:46 install gobuster:amd64 <none> 3.8.2-1
2026-06-24 03:34:46 status half-installed gobuster:amd64 3.8.2-1
2026-06-24 03:34:46 status triggers-pending kali-menu:all 2026.1.5
2026-06-24 03:34:47 status triggers-pending man-db:amd64 2.13.1-1
2026-06-24 03:34:47 status unpacked gobuster:amd64 3.8.2-1
2026-06-24 03:34:47 startup packages configure
2026-06-24 03:34:47 configure gobuster:amd64 3.8.2-1 <none>
2026-06-24 03:34:47 status unpacked gobuster:amd64 3.8.2-1
2026-06-24 03:34:47 status half-configured gobuster:amd64 3.8.2-1
2026-06-24 03:34:47 status installed gobuster:amd64 3.8.2-1
2026-06-24 03:34:47 trigproc man-db:amd64 2.13.1-1 <none>
2026-06-24 03:34:47 status half-configured man-db:amd64 2.13.1-1
2026-06-24 03:34:52 status installed man-db:amd64 2.13.1-1
2026-06-24 03:34:52 trigproc kali-menu:all 2026.1.5 <none>
2026-06-24 03:34:52 status half-configured kali-menu:all 2026.1.5
2026-06-24 03:34:53 status installed kali-menu:all 2026.1.5
2026-06-24 03:45:51 startup archives unpack
2026-06-24 03:45:52 install seclists:all <none> 2025.3-0kali1
2026-06-24 03:45:52 status half-installed seclists:all 2025.3-0kali1
2026-06-24 03:45:52 status triggers-pending kali-menu:all 2026.1.5
2026-06-24 03:47:19 status unpacked seclists:all 2025.3-0kali1
2026-06-24 03:47:22 startup packages configure
2026-06-24 03:47:22 configure seclists:all 2025.3-0kali1 <none>
2026-06-24 03:47:22 status unpacked seclists:all 2025.3-0kali1
2026-06-24 03:47:22 status half-configured seclists:all 2025.3-0kali1
2026-06-24 03:47:22 status installed seclists:all 2025.3-0kali1
2026-06-24 03:47:22 trigproc kali-menu:all 2026.1.5 <none>
2026-06-24 03:47:22 status half-configured kali-menu:all 2026.1.5
2026-06-24 03:47:23 status installed kali-menu:all 2026.1.5
2026-06-24 03:49:30 startup archives unpack
2026-06-24 03:49:33 install ruby-public-suffix:all <none> 6.0.2-1.1
2026-06-24 03:49:33 status half-installed ruby-public-suffix:all 6.0.2-1.1
2026-06-24 03:49:33 status unpacked ruby-public-suffix:all 6.0.2-1.1
2026-06-24 03:49:33 install ruby-addressable:all <none> 2.8.9-1
2026-06-24 03:49:33 status half-installed ruby-addressable:all 2.8.9-1
2026-06-24 03:49:33 status unpacked ruby-addressable:all 2.8.9-1
2026-06-24 03:49:33 install ruby-ipaddress:all <none> 0.8.3-5
2026-06-24 03:49:33 status half-installed ruby-ipaddress:all 0.8.3-5
2026-06-24 03:49:33 status unpacked ruby-ipaddress:all 0.8.3-5
2026-06-24 03:49:33 install ruby-rchardet:all <none> 1.10.0-1
2026-06-24 03:49:33 status half-installed ruby-rchardet:all 1.10.0-1
2026-06-24 03:49:34 status unpacked ruby-rchardet:all 1.10.0-1
2026-06-24 03:49:34 install whatweb:all <none> 0.6.4-1
2026-06-24 03:49:34 status half-installed whatweb:all 0.6.4-1
2026-06-24 03:49:34 status triggers-pending kali-menu:all 2026.1.5
2026-06-24 03:49:34 status triggers-pending man-db:amd64 2.13.1-1
2026-06-24 03:49:35 status unpacked whatweb:all 0.6.4-1
2026-06-24 03:49:35 startup packages configure
2026-06-24 03:49:35 configure ruby-public-suffix:all 6.0.2-1.1 <none>
2026-06-24 03:49:35 status unpacked ruby-public-suffix:all 6.0.2-1.1
2026-06-24 03:49:35 status half-configured ruby-public-suffix:all 6.0.2-1.1
2026-06-24 03:49:35 status installed ruby-public-suffix:all 6.0.2-1.1
2026-06-24 03:49:35 configure ruby-ipaddress:all 0.8.3-5 <none>
2026-06-24 03:49:35 status unpacked ruby-ipaddress:all 0.8.3-5
2026-06-24 03:49:35 status half-configured ruby-ipaddress:all 0.8.3-5
2026-06-24 03:49:35 status installed ruby-ipaddress:all 0.8.3-5
2026-06-24 03:49:35 configure ruby-rchardet:all 1.10.0-1 <none>
2026-06-24 03:49:35 status unpacked ruby-rchardet:all 1.10.0-1
2026-06-24 03:49:35 status half-configured ruby-rchardet:all 1.10.0-1
2026-06-24 03:49:35 status installed ruby-rchardet:all 1.10.0-1
2026-06-24 03:49:35 configure ruby-addressable:all 2.8.9-1 <none>
2026-06-24 03:49:35 status unpacked ruby-addressable:all 2.8.9-1
2026-06-24 03:49:35 status half-configured ruby-addressable:all 2.8.9-1
2026-06-24 03:49:35 status installed ruby-addressable:all 2.8.9-1
2026-06-24 03:49:35 configure whatweb:all 0.6.4-1 <none>
2026-06-24 03:49:35 status unpacked whatweb:all 0.6.4-1
2026-06-24 03:49:35 status half-configured whatweb:all 0.6.4-1
2026-06-24 03:49:35 status installed whatweb:all 0.6.4-1
2026-06-24 03:49:35 trigproc kali-menu:all 2026.1.5 <none>
2026-06-24 03:49:35 status half-configured kali-menu:all 2026.1.5
2026-06-24 03:49:35 status installed kali-menu:all 2026.1.5
2026-06-24 03:49:35 trigproc man-db:amd64 2.13.1-1 <none>
2026-06-24 03:49:35 status half-configured man-db:amd64 2.13.1-1
2026-06-24 03:49:38 status installed man-db:amd64 2.13.1-1
2026-06-24 04:51:01 startup archives unpack
2026-06-24 04:51:16 install racc:all <none> 1.8.1-2
2026-06-24 04:51:16 status half-installed racc:all 1.8.1-2
2026-06-24 04:51:16 status triggers-pending kali-menu:all 2026.1.5
2026-06-24 04:51:17 status triggers-pending man-db:amd64 2.13.1-1
2026-06-24 04:51:17 status unpacked racc:all 1.8.1-2
2026-06-24 04:51:18 install ruby-concurrent:all <none> 1.3.6-1
2026-06-24 04:51:18 status half-installed ruby-concurrent:all 1.3.6-1
2026-06-24 04:51:18 status unpacked ruby-concurrent:all 1.3.6-1
2026-06-24 04:51:18 install ruby-i18n:all <none> 1.14.8-1
2026-06-24 04:51:18 status half-installed ruby-i18n:all 1.14.8-1
2026-06-24 04:51:18 status unpacked ruby-i18n:all 1.14.8-1
2026-06-24 04:51:19 install ruby-tzinfo:all <none> 2.0.6-1
2026-06-24 04:51:19 status half-installed ruby-tzinfo:all 2.0.6-1
2026-06-24 04:51:19 status unpacked ruby-tzinfo:all 2.0.6-1
2026-06-24 04:51:19 install ruby-connection-pool:all <none> 3.0.2-1
2026-06-24 04:51:19 status half-installed ruby-connection-pool:all 3.0.2-1
2026-06-24 04:51:19 status unpacked ruby-connection-pool:all 3.0.2-1
2026-06-24 04:51:20 install ruby-minitest:all <none> 6.0.1+really5.27.0-2
2026-06-24 04:51:20 status half-installed ruby-minitest:all 6.0.1+really5.27.0-2
2026-06-24 04:51:20 status unpacked ruby-minitest:all 6.0.1+really5.27.0-2
2026-06-24 04:51:21 install ruby-base64:all <none> 0.3.0-1
2026-06-24 04:51:21 status half-installed ruby-base64:all 0.3.0-1
2026-06-24 04:51:21 status unpacked ruby-base64:all 0.3.0-1
2026-06-24 04:51:21 install ruby-activesupport:all <none> 2:7.2.3.1+dfsg-1
2026-06-24 04:51:21 status half-installed ruby-activesupport:all 2:7.2.3.1+dfsg-1
2026-06-24 04:51:22 status unpacked ruby-activesupport:all 2:7.2.3.1+dfsg-1
2026-06-24 04:51:22 install ruby-ffi:amd64 <none> 1.17.4+dfsg-1
2026-06-24 04:51:22 status half-installed ruby-ffi:amd64 1.17.4+dfsg-1
2026-06-24 04:51:24 status unpacked ruby-ffi:amd64 1.17.4+dfsg-1
2026-06-24 04:51:25 install ruby-get-process-mem:all <none> 1.0.0-1
2026-06-24 04:51:25 status half-installed ruby-get-process-mem:all 1.0.0-1
2026-06-24 04:51:25 status unpacked ruby-get-process-mem:all 1.0.0-1
2026-06-24 04:51:25 install ruby-mini-portile2:all <none> 2.8.9-1
2026-06-24 04:51:25 status half-installed ruby-mini-portile2:all 2.8.9-1
2026-06-24 04:51:25 status unpacked ruby-mini-portile2:all 2.8.9-1
2026-06-24 04:51:26 install ruby-pkg-config:all <none> 1.6.5-1
2026-06-24 04:51:26 status half-installed ruby-pkg-config:all 1.6.5-1
2026-06-24 04:51:26 status unpacked ruby-pkg-config:all 1.6.5-1
2026-06-24 04:51:26 install ruby-nokogiri:amd64 <none> 1.19.1+dfsg-1
2026-06-24 04:51:26 status half-installed ruby-nokogiri:amd64 1.19.1+dfsg-1
2026-06-24 04:51:27 status unpacked ruby-nokogiri:amd64 1.19.1+dfsg-1
2026-06-24 04:51:27 install ruby-opt-parse-validator:all <none> 1.10.1-0kali1
2026-06-24 04:51:27 status half-installed ruby-opt-parse-validator:all 1.10.1-0kali1
2026-06-24 04:51:27 status unpacked ruby-opt-parse-validator:all 1.10.1-0kali1
2026-06-24 04:51:27 install ruby-progressbar:all <none> 1.13.0-2
2026-06-24 04:51:27 status half-installed ruby-progressbar:all 1.13.0-2
2026-06-24 04:51:28 status unpacked ruby-progressbar:all 1.13.0-2
2026-06-24 04:51:28 install ruby-mime-types-data:all <none> 3.2026.0414-1
2026-06-24 04:51:28 status half-installed ruby-mime-types-data:all 3.2026.0414-1
2026-06-24 04:51:29 status unpacked ruby-mime-types-data:all 3.2026.0414-1
2026-06-24 04:51:29 install ruby-mime-types:all <none> 3.7.0-1
2026-06-24 04:51:29 status half-installed ruby-mime-types:all 3.7.0-1
2026-06-24 04:51:29 status unpacked ruby-mime-types:all 3.7.0-1
2026-06-24 04:51:30 install ruby-ethon:all <none> 0.18.0-2
2026-06-24 04:51:30 status half-installed ruby-ethon:all 0.18.0-2
2026-06-24 04:51:30 status unpacked ruby-ethon:all 0.18.0-2
2026-06-24 04:51:30 install ruby-typhoeus:all <none> 1.6.0-1
2026-06-24 04:51:30 status half-installed ruby-typhoeus:all 1.6.0-1
2026-06-24 04:51:30 status unpacked ruby-typhoeus:all 1.6.0-1
2026-06-24 04:51:30 install ruby-yajl:amd64 <none> 1.4.3-1+b5
2026-06-24 04:51:30 status half-installed ruby-yajl:amd64 1.4.3-1+b5
2026-06-24 04:51:30 status unpacked ruby-yajl:amd64 1.4.3-1+b5
2026-06-24 04:51:31 install ruby-cms-scanner:all <none> 0.15.0-0kali3
2026-06-24 04:51:31 status half-installed ruby-cms-scanner:all 0.15.0-0kali3
2026-06-24 04:51:31 status unpacked ruby-cms-scanner:all 0.15.0-0kali3
2026-06-24 04:51:31 install wpscan:all <none> 3.8.28-0kali1
2026-06-24 04:51:31 status half-installed wpscan:all 3.8.28-0kali1
2026-06-24 04:51:31 status unpacked wpscan:all 3.8.28-0kali1
2026-06-24 04:51:32 startup packages configure
2026-06-24 04:51:32 configure ruby-mini-portile2:all 2.8.9-1 <none>
2026-06-24 04:51:32 status unpacked ruby-mini-portile2:all 2.8.9-1
2026-06-24 04:51:32 status half-configured ruby-mini-portile2:all 2.8.9-1
2026-06-24 04:51:32 status installed ruby-mini-portile2:all 2.8.9-1
2026-06-24 04:51:32 configure ruby-concurrent:all 1.3.6-1 <none>
2026-06-24 04:51:32 status unpacked ruby-concurrent:all 1.3.6-1
2026-06-24 04:51:32 status half-configured ruby-concurrent:all 1.3.6-1
2026-06-24 04:51:32 status installed ruby-concurrent:all 1.3.6-1
2026-06-24 04:51:32 configure ruby-minitest:all 6.0.1+really5.27.0-2 <none>
2026-06-24 04:51:32 status unpacked ruby-minitest:all 6.0.1+really5.27.0-2
2026-06-24 04:51:32 status half-configured ruby-minitest:all 6.0.1+really5.27.0-2
2026-06-24 04:51:32 status installed ruby-minitest:all 6.0.1+really5.27.0-2
2026-06-24 04:51:32 configure racc:all 1.8.1-2 <none>
2026-06-24 04:51:32 status unpacked racc:all 1.8.1-2
2026-06-24 04:51:32 status half-configured racc:all 1.8.1-2
2026-06-24 04:51:32 status installed racc:all 1.8.1-2
2026-06-24 04:51:32 configure ruby-pkg-config:all 1.6.5-1 <none>
2026-06-24 04:51:32 status unpacked ruby-pkg-config:all 1.6.5-1
2026-06-24 04:51:32 status half-configured ruby-pkg-config:all 1.6.5-1
2026-06-24 04:51:32 status installed ruby-pkg-config:all 1.6.5-1
2026-06-24 04:51:32 configure ruby-base64:all 0.3.0-1 <none>
2026-06-24 04:51:32 status unpacked ruby-base64:all 0.3.0-1
2026-06-24 04:51:32 status half-configured ruby-base64:all 0.3.0-1
2026-06-24 04:51:32 status installed ruby-base64:all 0.3.0-1
2026-06-24 04:51:32 configure ruby-i18n:all 1.14.8-1 <none>
2026-06-24 04:51:32 status unpacked ruby-i18n:all 1.14.8-1
2026-06-24 04:51:32 status half-configured ruby-i18n:all 1.14.8-1
2026-06-24 04:51:32 status installed ruby-i18n:all 1.14.8-1
2026-06-24 04:51:32 configure ruby-progressbar:all 1.13.0-2 <none>
2026-06-24 04:51:32 status unpacked ruby-progressbar:all 1.13.0-2
2026-06-24 04:51:32 status half-configured ruby-progressbar:all 1.13.0-2
2026-06-24 04:51:32 status installed ruby-progressbar:all 1.13.0-2
2026-06-24 04:51:32 configure ruby-mime-types-data:all 3.2026.0414-1 <none>
2026-06-24 04:51:32 status unpacked ruby-mime-types-data:all 3.2026.0414-1
2026-06-24 04:51:32 status half-configured ruby-mime-types-data:all 3.2026.0414-1
2026-06-24 04:51:32 status installed ruby-mime-types-data:all 3.2026.0414-1
2026-06-24 04:51:32 configure ruby-connection-pool:all 3.0.2-1 <none>
2026-06-24 04:51:32 status unpacked ruby-connection-pool:all 3.0.2-1
2026-06-24 04:51:32 status half-configured ruby-connection-pool:all 3.0.2-1
2026-06-24 04:51:32 status installed ruby-connection-pool:all 3.0.2-1
2026-06-24 04:51:32 configure ruby-yajl:amd64 1.4.3-1+b5 <none>
2026-06-24 04:51:32 status unpacked ruby-yajl:amd64 1.4.3-1+b5
2026-06-24 04:51:32 status half-configured ruby-yajl:amd64 1.4.3-1+b5
2026-06-24 04:51:32 status installed ruby-yajl:amd64 1.4.3-1+b5
2026-06-24 04:51:32 configure ruby-ffi:amd64 1.17.4+dfsg-1 <none>
2026-06-24 04:51:32 status unpacked ruby-ffi:amd64 1.17.4+dfsg-1
2026-06-24 04:51:32 status half-configured ruby-ffi:amd64 1.17.4+dfsg-1
2026-06-24 04:51:32 status installed ruby-ffi:amd64 1.17.4+dfsg-1
2026-06-24 04:51:32 configure ruby-nokogiri:amd64 1.19.1+dfsg-1 <none>
2026-06-24 04:51:32 status unpacked ruby-nokogiri:amd64 1.19.1+dfsg-1
2026-06-24 04:51:32 status half-configured ruby-nokogiri:amd64 1.19.1+dfsg-1
2026-06-24 04:51:32 status installed ruby-nokogiri:amd64 1.19.1+dfsg-1
2026-06-24 04:51:32 configure ruby-tzinfo:all 2.0.6-1 <none>
2026-06-24 04:51:32 status unpacked ruby-tzinfo:all 2.0.6-1
2026-06-24 04:51:32 status half-configured ruby-tzinfo:all 2.0.6-1
2026-06-24 04:51:32 status installed ruby-tzinfo:all 2.0.6-1
2026-06-24 04:51:32 configure ruby-activesupport:all 2:7.2.3.1+dfsg-1 <none>
2026-06-24 04:51:32 status unpacked ruby-activesupport:all 2:7.2.3.1+dfsg-1
2026-06-24 04:51:32 status half-configured ruby-activesupport:all 2:7.2.3.1+dfsg-1
2026-06-24 04:51:32 status installed ruby-activesupport:all 2:7.2.3.1+dfsg-1
2026-06-24 04:51:32 configure ruby-opt-parse-validator:all 1.10.1-0kali1 <none>
2026-06-24 04:51:32 status unpacked ruby-opt-parse-validator:all 1.10.1-0kali1
2026-06-24 04:51:32 status half-configured ruby-opt-parse-validator:all 1.10.1-0kali1
2026-06-24 04:51:32 status installed ruby-opt-parse-validator:all 1.10.1-0kali1
2026-06-24 04:51:32 configure ruby-get-process-mem:all 1.0.0-1 <none>
2026-06-24 04:51:32 status unpacked ruby-get-process-mem:all 1.0.0-1
2026-06-24 04:51:32 status half-configured ruby-get-process-mem:all 1.0.0-1
2026-06-24 04:51:32 status installed ruby-get-process-mem:all 1.0.0-1
2026-06-24 04:51:32 configure ruby-mime-types:all 3.7.0-1 <none>
2026-06-24 04:51:32 status unpacked ruby-mime-types:all 3.7.0-1
2026-06-24 04:51:32 status half-configured ruby-mime-types:all 3.7.0-1
2026-06-24 04:51:32 status installed ruby-mime-types:all 3.7.0-1
2026-06-24 04:51:32 configure ruby-ethon:all 0.18.0-2 <none>
2026-06-24 04:51:32 status unpacked ruby-ethon:all 0.18.0-2
2026-06-24 04:51:32 status half-configured ruby-ethon:all 0.18.0-2
2026-06-24 04:51:32 status installed ruby-ethon:all 0.18.0-2
2026-06-24 04:51:32 configure ruby-typhoeus:all 1.6.0-1 <none>
2026-06-24 04:51:32 status unpacked ruby-typhoeus:all 1.6.0-1
2026-06-24 04:51:32 status half-configured ruby-typhoeus:all 1.6.0-1
2026-06-24 04:51:32 status installed ruby-typhoeus:all 1.6.0-1
2026-06-24 04:51:32 configure ruby-cms-scanner:all 0.15.0-0kali3 <none>
2026-06-24 04:51:32 status unpacked ruby-cms-scanner:all 0.15.0-0kali3
2026-06-24 04:51:32 status half-configured ruby-cms-scanner:all 0.15.0-0kali3
2026-06-24 04:51:32 status installed ruby-cms-scanner:all 0.15.0-0kali3
2026-06-24 04:51:32 configure wpscan:all 3.8.28-0kali1 <none>
2026-06-24 04:51:32 status unpacked wpscan:all 3.8.28-0kali1
2026-06-24 04:51:32 status half-configured wpscan:all 3.8.28-0kali1
2026-06-24 04:51:32 status installed wpscan:all 3.8.28-0kali1
2026-06-24 04:51:33 trigproc man-db:amd64 2.13.1-1 <none>
2026-06-24 04:51:33 status half-configured man-db:amd64 2.13.1-1
2026-06-24 04:51:40 status installed man-db:amd64 2.13.1-1
2026-06-24 04:51:40 trigproc kali-menu:all 2026.1.5 <none>
2026-06-24 04:51:40 status half-configured kali-menu:all 2026.1.5
2026-06-24 04:51:45 status installed kali-menu:all 2026.1.5
2026-06-30 02:54:46 startup archives unpack
2026-06-30 02:54:48 upgrade tree:amd64 2.3.1-1 2.3.2-1
2026-06-30 02:54:48 status half-configured tree:amd64 2.3.1-1
2026-06-30 02:54:48 status unpacked tree:amd64 2.3.1-1
2026-06-30 02:54:48 status half-installed tree:amd64 2.3.1-1
2026-06-30 02:54:48 status triggers-pending kali-menu:all 2026.1.5
2026-06-30 02:54:48 status triggers-pending man-db:amd64 2.13.1-1
2026-06-30 02:54:48 status unpacked tree:amd64 2.3.2-1
2026-06-30 02:54:48 startup packages configure
2026-06-30 02:54:48 configure tree:amd64 2.3.2-1 <none>
2026-06-30 02:54:48 status unpacked tree:amd64 2.3.2-1
2026-06-30 02:54:49 status half-configured tree:amd64 2.3.2-1
2026-06-30 02:54:49 status installed tree:amd64 2.3.2-1
2026-06-30 02:54:49 trigproc man-db:amd64 2.13.1-1 <none>
2026-06-30 02:54:49 status half-configured man-db:amd64 2.13.1-1
2026-06-30 02:54:54 status installed man-db:amd64 2.13.1-1
2026-06-30 02:54:54 trigproc kali-menu:all 2026.1.5 <none>
2026-06-30 02:54:54 status half-configured kali-menu:all 2026.1.5
2026-06-30 02:54:58 status installed kali-menu:all 2026.1.5
